feature/tracking/build/intermediates/manifest_merge_blame_file/release/processReleaseManifest/manifest-merger-blame-release-report.txt
1<?xml version="1.0" encoding="utf-8"?>
2<manifest xmlns:android="http://schemas.android.com/apk/res/android"
3    package="dev.vic41148.somn.feature.tracking" >
4
5    <uses-sdk android:minSdkVersion="26" />
5-->INJECTED
5-->INJECTED
6
7    <uses-permission android:name="android.permission.FOREGROUND_SERVICE" />
7-->src/main/AndroidManifest.xml:4:5-77
7-->src/main/AndroidManifest.xml:4:22-74
8    <uses-permission android:name="android.permission.FOREGROUND_SERVICE_HEALTH" />
8-->src/main/AndroidManifest.xml:5:5-84
8-->src/main/AndroidManifest.xml:5:22-81
9
10    <application>
10-->src/main/AndroidManifest.xml:7:5-12:19
11        <service
11-->src/main/AndroidManifest.xml:8:9-11:40
12            android:name="dev.vic41148.somn.feature.tracking.service.SleepTrackingService"
12-->src/main/AndroidManifest.xml:9:13-91
13            android:exported="false"
13-->src/main/AndroidManifest.xml:11:13-37
14            android:foregroundServiceType="health" />
14-->src/main/AndroidManifest.xml:10:13-51
15    </application>
16
17</manifest>